<?xml version="1.0" encoding="UTF-8"?>
<testng-results ignored="0" total="3" passed="3" failed="0" skipped="0">
  <reporter-output>
  </reporter-output>
  <suite started-at="2026-02-21T13:22:41 IST" name="Suite" finished-at="2026-02-21T13:22:52 IST" duration-ms="10950">
    <groups>
    </groups>
    <test started-at="2026-02-21T13:22:41 IST" name="Test" finished-at="2026-02-21T13:22:52 IST" duration-ms="10950">
      <class name="ashu.ashutest.testclass">
        <test-method is-config="true" signature="launchDriver()[pri:0, instance:ashu.ashutest.testclass@3c7f66c4]" started-at="2026-02-21T13:22:41 IST" name="launchDriver" finished-at="2026-02-21T13:22:44 IST" duration-ms="2389" status="PASS">
          <reporter-output>
          </reporter-output>
        </test-method> <!-- launchDriver -->
        <test-method signature="test1()[pri:0, instance:ashu.ashutest.testclass@3c7f66c4]" started-at="2026-02-21T13:22:44 IST" name="test1" finished-at="2026-02-21T13:22:46 IST" duration-ms="2110" status="PASS">
          <reporter-output>
          </reporter-output>
        </test-method> <!-- test1 -->
        <test-method is-config="true" signature="quit()[pri:0, instance:ashu.ashutest.testclass@3c7f66c4]" started-at="2026-02-21T13:22:46 IST" name="quit" finished-at="2026-02-21T13:22:46 IST" duration-ms="285" status="PASS">
          <reporter-output>
          </reporter-output>
        </test-method> <!-- quit -->
        <test-method is-config="true" signature="launchDriver()[pri:0, instance:ashu.ashutest.testclass@3c7f66c4]" started-at="2026-02-21T13:22:46 IST" name="launchDriver" finished-at="2026-02-21T13:22:48 IST" duration-ms="1363" status="PASS">
          <reporter-output>
          </reporter-output>
        </test-method> <!-- launchDriver -->
        <test-method signature="test2()[pri:0, instance:ashu.ashutest.testclass@3c7f66c4]" started-at="2026-02-21T13:22:48 IST" name="test2" finished-at="2026-02-21T13:22:49 IST" duration-ms="1473" status="PASS">
          <reporter-output>
          </reporter-output>
        </test-method> <!-- test2 -->
        <test-method is-config="true" signature="quit()[pri:0, instance:ashu.ashutest.testclass@3c7f66c4]" started-at="2026-02-21T13:22:49 IST" name="quit" finished-at="2026-02-21T13:22:49 IST" duration-ms="258" status="PASS">
          <reporter-output>
          </reporter-output>
        </test-method> <!-- quit -->
        <test-method is-config="true" signature="launchDriver()[pri:0, instance:ashu.ashutest.testclass@3c7f66c4]" started-at="2026-02-21T13:22:49 IST" name="launchDriver" finished-at="2026-02-21T13:22:51 IST" duration-ms="1402" status="PASS">
          <reporter-output>
          </reporter-output>
        </test-method> <!-- launchDriver -->
        <test-method signature="test3()[pri:0, instance:ashu.ashutest.testclass@3c7f66c4]" started-at="2026-02-21T13:22:51 IST" name="test3" finished-at="2026-02-21T13:22:52 IST" duration-ms="1372" status="PASS">
          <reporter-output>
          </reporter-output>
        </test-method> <!-- test3 -->
        <test-method is-config="true" signature="quit()[pri:0, instance:ashu.ashutest.testclass@3c7f66c4]" started-at="2026-02-21T13:22:52 IST" name="quit" finished-at="2026-02-21T13:22:52 IST" duration-ms="251" status="PASS">
          <reporter-output>
          </reporter-output>
        </test-method> <!-- quit -->
      </class> <!-- ashu.ashutest.testclass -->
    </test> <!-- Test -->
  </suite> <!-- Suite -->
</testng-results>
