<?xml version="1.0" encoding="UTF-8"?>
<testng-results ignored="0" total="1" passed="1" failed="0" skipped="0">
  <reporter-output>
  </reporter-output>
  <suite started-at="2026-02-23T11:38:55 IST" name="Default suite" finished-at="2026-02-23T11:39:42 IST" duration-ms="46629">
    <groups>
    </groups>
    <test started-at="2026-02-23T11:38:55 IST" name="Default test" finished-at="2026-02-23T11:39:42 IST" duration-ms="46629">
      <class name="ashu.ashutest.SalesforceLeadTest">
        <test-method is-config="true" signature="setUp()[pri:0, instance:ashu.ashutest.SalesforceLeadTest@53fb3dab]" started-at="2026-02-23T11:38:55 IST" name="setUp" finished-at="2026-02-23T11:39:04 IST" duration-ms="9128" status="PASS">
          <reporter-output>
          </reporter-output>
        </test-method> <!-- setUp -->
        <test-method signature="loginWithOTP()[pri:0, instance:ashu.ashutest.SalesforceLeadTest@53fb3dab]" started-at="2026-02-23T11:39:04 IST" name="loginWithOTP" finished-at="2026-02-23T11:39:41 IST" duration-ms="36844" status="PASS">
          <reporter-output>
          </reporter-output>
        </test-method> <!-- loginWithOTP -->
        <test-method is-config="true" signature="tearDown()[pri:0, instance:ashu.ashutest.SalesforceLeadTest@53fb3dab]" started-at="2026-02-23T11:39:41 IST" name="tearDown" finished-at="2026-02-23T11:39:42 IST" duration-ms="580" status="PASS">
          <reporter-output>
          </reporter-output>
        </test-method> <!-- tearDown -->
      </class> <!-- ashu.ashutest.SalesforceLeadTest -->
    </test> <!-- Default test -->
  </suite> <!-- Default suite -->
</testng-results>
