<?xml version="1.0" encoding="UTF-8"?>
<testng-results ignored="0" total="3" passed="3" failed="0" skipped="0">
  <reporter-output>
  </reporter-output>
  <suite started-at="2026-02-21T20:00:32 IST" name="Suite" finished-at="2026-02-21T20:00:45 IST" duration-ms="12365">
    <groups>
    </groups>
    <test started-at="2026-02-21T20:00:32 IST" name="Test" finished-at="2026-02-21T20:00:45 IST" duration-ms="12365">
      <class name="ashu.ashutest.testclass">
        <test-method is-config="true" signature="launchDriver()[pri:0, instance:ashu.ashutest.testclass@5d534f5d]" started-at="2026-02-21T20:00:32 IST" name="launchDriver" finished-at="2026-02-21T20:00:35 IST" duration-ms="3216" status="PASS">
          <reporter-output>
          </reporter-output>
        </test-method> <!-- launchDriver -->
        <test-method signature="test1()[pri:0, instance:ashu.ashutest.testclass@5d534f5d]" started-at="2026-02-21T20:00:35 IST" name="test1" finished-at="2026-02-21T20:00:37 IST" duration-ms="1782" status="PASS">
          <reporter-output>
          </reporter-output>
        </test-method> <!-- test1 -->
        <test-method is-config="true" signature="quit()[pri:0, instance:ashu.ashutest.testclass@5d534f5d]" started-at="2026-02-21T20:00:37 IST" name="quit" finished-at="2026-02-21T20:00:37 IST" duration-ms="257" status="PASS">
          <reporter-output>
          </reporter-output>
        </test-method> <!-- quit -->
        <test-method is-config="true" signature="launchDriver()[pri:0, instance:ashu.ashutest.testclass@5d534f5d]" started-at="2026-02-21T20:00:37 IST" name="launchDriver" finished-at="2026-02-21T20:00:39 IST" duration-ms="1141" status="PASS">
          <reporter-output>
          </reporter-output>
        </test-method> <!-- launchDriver -->
        <test-method signature="test2()[pri:0, instance:ashu.ashutest.testclass@5d534f5d]" started-at="2026-02-21T20:00:39 IST" name="test2" finished-at="2026-02-21T20:00:41 IST" duration-ms="2655" status="PASS">
          <reporter-output>
          </reporter-output>
        </test-method> <!-- test2 -->
        <test-method is-config="true" signature="quit()[pri:0, instance:ashu.ashutest.testclass@5d534f5d]" started-at="2026-02-21T20:00:41 IST" name="quit" finished-at="2026-02-21T20:00:41 IST" duration-ms="196" status="PASS">
          <reporter-output>
          </reporter-output>
        </test-method> <!-- quit -->
        <test-method is-config="true" signature="launchDriver()[pri:0, instance:ashu.ashutest.testclass@5d534f5d]" started-at="2026-02-21T20:00:41 IST" name="launchDriver" finished-at="2026-02-21T20:00:43 IST" duration-ms="1194" status="PASS">
          <reporter-output>
          </reporter-output>
        </test-method> <!-- launchDriver -->
        <test-method signature="test3()[pri:0, instance:ashu.ashutest.testclass@5d534f5d]" started-at="2026-02-21T20:00:43 IST" name="test3" finished-at="2026-02-21T20:00:44 IST" duration-ms="1682" status="PASS">
          <reporter-output>
          </reporter-output>
        </test-method> <!-- test3 -->
        <test-method is-config="true" signature="quit()[pri:0, instance:ashu.ashutest.testclass@5d534f5d]" started-at="2026-02-21T20:00:44 IST" name="quit" finished-at="2026-02-21T20:00:45 IST" duration-ms="180" status="PASS">
          <reporter-output>
          </reporter-output>
        </test-method> <!-- quit -->
      </class> <!-- ashu.ashutest.testclass -->
    </test> <!-- Test -->
  </suite> <!-- Suite -->
</testng-results>
