<?xml version="1.0" encoding="UTF-8"?>
<!-- Generated by org.testng.reporters.JUnitReportReporter -->
<testsuite hostname="Prateek" failures="0" tests="3" name="ashu.ashutest.testclass" time="12.133" errors="0" timestamp="2026-02-21T09:53:06 IST" skipped="0">
  <testcase classname="ashu.ashutest.testclass" name="test1" time="6.269"/>
  <testcase classname="ashu.ashutest.testclass" name="test3" time="2.842"/>
  <testcase classname="ashu.ashutest.testclass" name="test2" time="3.022"/>
</testsuite> <!-- ashu.ashutest.testclass -->
