<?xml version="1.0" encoding="UTF-8"?>
<!-- Generated by org.testng.reporters.JUnitReportReporter -->
<testsuite hostname="Prateek" failures="0" tests="3" name="ashu.ashutest.testclass" time="15.421" errors="0" timestamp="2026-02-19T09:03:54 IST" skipped="0">
  <testcase classname="ashu.ashutest.testclass" name="test2" time="8.123"/>
  <testcase classname="ashu.ashutest.testclass" name="test3" time="3.259"/>
  <testcase classname="ashu.ashutest.testclass" name="test1" time="4.039"/>
</testsuite> <!-- ashu.ashutest.testclass -->
