<?xml version="1.0" encoding="UTF-8"?>
<!-- Generated by org.testng.reporters.JUnitReportReporter -->
<testsuite hostname="Prateek" failures="0" tests="3" name="ashu.ashutest.testclass" time="10.903" errors="0" timestamp="2026-02-21T13:22:52 IST" skipped="0">
  <testcase classname="ashu.ashutest.testclass" name="test1" time="3.763"/>
  <testcase classname="ashu.ashutest.testclass" name="test3" time="2.993"/>
  <testcase classname="ashu.ashutest.testclass" name="test2" time="4.147"/>
</testsuite> <!-- ashu.ashutest.testclass -->
